<?xml version="1.0" encoding="UTF-8"?>
<!-- Generated by org.testng.reporters.JUnitXMLReporter -->
<testsuite ignored="0" hostname="CIPL1257MOB" failures="3" tests="8" name="Test" time="41.992" errors="0" timestamp="2023-04-27T15:32:38 IST">
  <testcase classname="TestCases.TestCases" name="Flipcart" time="5.661"/>
  <testcase classname="TestCases.TestCases" name="Flipcart" time="3.867"/>
  <testcase classname="TestCases.TestCases" name="Amazon" time="11.477"/>
  <testcase classname="TestCases.TestCases" name="Amazon" time="10.261"/>
  <testcase classname="TestCases.TestCases" name="comparePrices" time="0.003">
    <failure type="java.lang.AssertionError" message="Amazon price is higher expected [true] but found [false]">
      <![CDATA[java.lang.AssertionError: Amazon price is higher expected [true] but found [false]
at Maincodes.MainCodes.CompareValues1(MainCodes.java:62)
at TestCases.TestCases.comparePrices(TestCases.java:28)
at java.base/java.util.ArrayList.forEach(ArrayList.java:1511)
... Removed 32 stack frames]]>
    </failure>
  </testcase> <!-- comparePrices -->
  <testcase classname="TestCases.TestCases" name="Greenkart" time="1.48"/>
  <testcase classname="TestCases.TestCases" name="BigBasket" time="8.302">
    <failure type="org.openqa.selenium.TimeoutException" message="Expected condition failed: waiting for visibility of element located by By.xpath: (//div[@class=&amp;apos;view-all&amp;apos;])[1] (tried for 5 second(s) with 500 milliseconds interval)
Build info: version: &amp;apos;4.7.2&amp;apos;, revision: &amp;apos;4d4020c3b7&amp;apos;
System info: os.name: &amp;apos;Windows 10&amp;apos;, os.arch: &amp;apos;amd64&amp;apos;, os.version: &amp;apos;10.0&amp;apos;, java.version: &amp;apos;17.0.4.1&amp;apos;
Driver info: org.openqa.selenium.chrome.ChromeDriver
Capabilities {acceptInsecureCerts: false, browserName: chrome, browserVersion: 112.0.5615.138, chrome: {chromedriverVersion: 112.0.5615.49 (bd2a7bcb881c..., userDataDir: C:\Users\CIPL0987\AppData\L...}, goog:chromeOptions: {debuggerAddress: localhost:63357}, networkConnectionEnabled: false, pageLoadStrategy: normal, platformName: WINDOWS, proxy: Proxy(), se:cdp: ws://localhost:63357/devtoo..., se:cdpVersion: 112.0.5615.138, setWindowRect: true, strictFileInteractability: false, timeouts: {implicit: 0, pageLoad: 300000, script: 30000}, unhandledPromptBehavior: dismiss and notify, webauthn:extension:credBlob: true, webauthn:extension:largeBlob: true, webauthn:extension:minPinLength: true, webauthn:extension:prf: true, webauthn:virtualAuthenticators: true}
Session ID: 04a63e43e0bf49a0fd62ca54d98148cd">
      <![CDATA[org.openqa.selenium.TimeoutException: Expected condition failed: waiting for visibility of element located by By.xpath: (//div[@class='view-all'])[1] (tried for 5 second(s) with 500 milliseconds interval)
Build info: version: '4.7.2', revision: '4d4020c3b7'
System info: os.name: 'Windows 10', os.arch: 'amd64', os.version: '10.0', java.version: '17.0.4.1'
Driver info: org.openqa.selenium.chrome.ChromeDriver
Capabilities {acceptInsecureCerts: false, browserName: chrome, browserVersion: 112.0.5615.138, chrome: {chromedriverVersion: 112.0.5615.49 (bd2a7bcb881c..., userDataDir: C:\Users\CIPL0987\AppData\L...}, goog:chromeOptions: {debuggerAddress: localhost:63357}, networkConnectionEnabled: false, pageLoadStrategy: normal, platformName: WINDOWS, proxy: Proxy(), se:cdp: ws://localhost:63357/devtoo..., se:cdpVersion: 112.0.5615.138, setWindowRect: true, strictFileInteractability: false, timeouts: {implicit: 0, pageLoad: 300000, script: 30000}, unhandledPromptBehavior: dismiss and notify, webauthn:extension:credBlob: true, webauthn:extension:largeBlob: true, webauthn:extension:minPinLength: true, webauthn:extension:prf: true, webauthn:virtualAuthenticators: true}
Session ID: 04a63e43e0bf49a0fd62ca54d98148cd
at org.openqa.selenium.support.ui.WebDriverWait.timeoutException(WebDriverWait.java:87)
at org.openqa.selenium.support.ui.FluentWait.until(FluentWait.java:231)
at reuseablecodes.ReuseableCodes.waitToClick(ReuseableCodes.java:28)
at BigBasketPageObjects.BigBasketHomePage.SearchProduct(BigBasketHomePage.java:36)
at Maincodes.MainCodes.bigBasket(MainCodes.java:81)
at TestCases.TestCases.BigBasket(TestCases.java:41)
at java.base/java.util.ArrayList.forEach(ArrayList.java:1511)
... Removed 27 stack frames]]>
    </failure>
  </testcase> <!-- BigBasket -->
  <testcase classname="TestCases.TestCases" name="comparePrices1" time="0.001">
    <failure type="java.lang.AssertionError" message="BigBasket price is higher expected [true] but found [false]">
      <![CDATA[java.lang.AssertionError: BigBasket price is higher expected [true] but found [false]
at Maincodes.MainCodes.CompareValues2(MainCodes.java:94)
at TestCases.TestCases.comparePrices1(TestCases.java:48)
at java.base/java.util.ArrayList.forEach(ArrayList.java:1511)
... Removed 32 stack frames]]>
    </failure>
  </testcase> <!-- comparePrices1 -->
</testsuite> <!-- Test -->
